  [4;36;1mSQL (0.4ms)[0m   [0;1m SELECT name
 FROM sqlite_master
 WHERE type = 'table' AND NOT name = 'sqlite_sequence'
[0m
  [4;35;1mSQL (0.2ms)[0m   [0mselect sqlite_version(*)[0m
  [4;36;1mSQL (2.5ms)[0m   [0;1mCREATE TABLE "schema_migrations" ("version" varchar(255) NOT NULL) [0m
  [4;35;1mSQL (2.7ms)[0m   [0mCREATE UNIQUE INDEX "unique_schema_migrations" ON "schema_migrations" ("version")[0m
  [4;36;1mSQL (0.5ms)[0m   [0;1m SELECT name
 FROM sqlite_master
 WHERE type = 'table' AND NOT name = 'sqlite_sequence'
[0m
  [4;35;1mSQL (0.2ms)[0m   [0mSELECT version FROM schema_migrations[0m
Migrating to CreateTopics (20090613212822)
  [4;36;1mSQL (0.7ms)[0m   [0;1mCREATE TABLE "topics" ("id" INTEGER PRIMARY KEY AUTOINCREMENT NOT NULL, "title" varchar(255), "description" text, "created_at" datetime, "updated_at" datetime) [0m
  [4;35;1mSQL (0.1ms)[0m   [0mINSERT INTO schema_migrations (version) VALUES ('20090613212822')[0m
  [4;36;1mSQL (0.3ms)[0m   [0;1m SELECT name
 FROM sqlite_master
 WHERE type = 'table' AND NOT name = 'sqlite_sequence'
[0m
  [4;35;1mSQL (0.1ms)[0m   [0mSELECT version FROM schema_migrations[0m
  [4;36;1mSQL (0.2ms)[0m   [0;1m SELECT name
 FROM sqlite_master
 WHERE type = 'table' AND NOT name = 'sqlite_sequence'
[0m
  [4;35;1mSQL (0.0ms)[0m   [0mPRAGMA index_list("topics")[0m


Processing TopicsController#index (for 127.0.0.1 at 2009-06-13 14:32:46) [GET]
  [4;36;1mTopic Load (0.5ms)[0m   [0;1mSELECT * FROM "topics" [0m
Rendering template within layouts/topics
Rendering topics/index
Completed in 19ms (View: 14, DB: 0) | 200 OK [http://localhost/topics]


Processing TopicsController#new (for 127.0.0.1 at 2009-06-13 14:33:54) [GET]
Rendering template within layouts/topics
Rendering topics/new
Completed in 9ms (View: 5, DB: 0) | 200 OK [http://localhost/topics/new]


Processing TopicsController#create (for 127.0.0.1 at 2009-06-13 14:34:19) [POST]
  Parameters: {"commit"=>"Create", "authenticity_token"=>"3oqwIpGMqN/OhPTiE44vxRoDOVeuPKmVcCGly8rcpS4=", "topic"=>{"title"=>"going to France", "description"=>"how to get there"}}
  [4;35;1mTopic Create (0.7ms)[0m   [0mINSERT INTO "topics" ("created_at", "title", "updated_at", "description") VALUES('2009-06-13 21:34:19', 'going to France', '2009-06-13 21:34:19', 'how to get there')[0m
Redirected to http://localhost:3000/topics/1
Completed in 42ms (DB: 1) | 302 Found [http://localhost/topics]


Processing TopicsController#show (for 127.0.0.1 at 2009-06-13 14:34:19) [GET]
  Parameters: {"id"=>"1"}
  [4;36;1mTopic Load (0.2ms)[0m   [0;1mSELECT * FROM "topics" WHERE ("topics"."id" = 1) [0m
Rendering template within layouts/topics
Rendering topics/show
Completed in 43ms (View: 38, DB: 0) | 200 OK [http://localhost/topics/1]


Processing TopicsController#edit (for 127.0.0.1 at 2009-06-13 14:34:24) [GET]
  Parameters: {"id"=>"1"}
  [4;35;1mTopic Load (0.2ms)[0m   [0mSELECT * FROM "topics" WHERE ("topics"."id" = 1) [0m
Rendering template within layouts/topics
Rendering topics/edit
Completed in 9ms (View: 5, DB: 0) | 200 OK [http://localhost/topics/1/edit]


Processing TopicsController#show (for 127.0.0.1 at 2009-06-13 14:34:28) [GET]
  Parameters: {"id"=>"1"}
  [4;36;1mTopic Load (0.2ms)[0m   [0;1mSELECT * FROM "topics" WHERE ("topics"."id" = 1) [0m
Rendering template within layouts/topics
Rendering topics/show
Completed in 6ms (View: 2, DB: 0) | 200 OK [http://localhost/topics/1]


Processing TopicsController#index (for 127.0.0.1 at 2009-06-13 14:34:31) [GET]
  [4;35;1mTopic Load (0.4ms)[0m   [0mSELECT * FROM "topics" [0m
Rendering template within layouts/topics
Rendering topics/index
Completed in 6ms (View: 3, DB: 0) | 200 OK [http://localhost/topics]


Processing TopicsController#destroy (for 127.0.0.1 at 2009-06-13 14:34:44) [DELETE]
  Parameters: {"authenticity_token"=>"3oqwIpGMqN/OhPTiE44vxRoDOVeuPKmVcCGly8rcpS4=", "id"=>"1"}
  [4;36;1mTopic Load (0.2ms)[0m   [0;1mSELECT * FROM "topics" WHERE ("topics"."id" = 1) [0m
  [4;35;1mTopic Destroy (44.2ms)[0m   [0mDELETE FROM "topics" WHERE "id" = 1[0m
Redirected to http://localhost:3000/topics
Completed in 205ms (DB: 44) | 302 Found [http://localhost/topics/1]


Processing TopicsController#index (for 127.0.0.1 at 2009-06-13 14:34:44) [GET]
  [4;36;1mTopic Load (0.3ms)[0m   [0;1mSELECT * FROM "topics" [0m
Rendering template within layouts/topics
Rendering topics/index
Completed in 5ms (View: 1, DB: 0) | 200 OK [http://localhost/topics]


Processing TopicsController#new (for 127.0.0.1 at 2009-06-13 14:38:25) [GET]
Rendering template within layouts/topics
Rendering topics/new
Completed in 9ms (View: 3, DB: 0) | 200 OK [http://localhost/topics/new]


Processing TopicsController#create (for 127.0.0.1 at 2009-06-13 14:38:39) [POST]
  Parameters: {"commit"=>"Create", "authenticity_token"=>"3oqwIpGMqN/OhPTiE44vxRoDOVeuPKmVcCGly8rcpS4=", "topic"=>{"title"=>"asdf ", "description"=>"oihefoahwfh"}}
  [4;35;1mTopic Create (0.3ms)[0m   [0mINSERT INTO "topics" ("created_at", "title", "updated_at", "description") VALUES('2009-06-13 21:38:39', 'asdf ', '2009-06-13 21:38:39', 'oihefoahwfh')[0m
Redirected to http://localhost:3000/topics/2
Completed in 10ms (DB: 0) | 302 Found [http://localhost/topics]


Processing TopicsController#show (for 127.0.0.1 at 2009-06-13 14:38:39) [GET]
  Parameters: {"id"=>"2"}
  [4;36;1mTopic Load (0.2ms)[0m   [0;1mSELECT * FROM "topics" WHERE ("topics"."id" = 2) [0m
Rendering template within layouts/topics
Rendering topics/show
Completed in 6ms (View: 2, DB: 0) | 200 OK [http://localhost/topics/2]


Processing TopicsController#index (for 127.0.0.1 at 2009-06-13 14:39:10) [GET]
  [4;35;1mTopic Load (0.4ms)[0m   [0mSELECT * FROM "topics" [0m
Rendering template within layouts/topics
Rendering topics/index
Completed in 6ms (View: 3, DB: 0) | 200 OK [http://localhost/topics]


Processing TopicsController#destroy (for 127.0.0.1 at 2009-06-13 14:39:17) [DELETE]
  Parameters: {"authenticity_token"=>"3oqwIpGMqN/OhPTiE44vxRoDOVeuPKmVcCGly8rcpS4=", "id"=>"2"}
  [4;36;1mTopic Load (0.2ms)[0m   [0;1mSELECT * FROM "topics" WHERE ("topics"."id" = 2) [0m
  [4;35;1mTopic Destroy (0.4ms)[0m   [0mDELETE FROM "topics" WHERE "id" = 2[0m
Redirected to http://localhost:3000/topics
Completed in 8ms (DB: 1) | 302 Found [http://localhost/topics/2]


Processing TopicsController#index (for 127.0.0.1 at 2009-06-13 14:39:17) [GET]
  [4;36;1mTopic Load (0.4ms)[0m   [0;1mSELECT * FROM "topics" [0m
Rendering template within layouts/topics
Rendering topics/index
Completed in 7ms (View: 1, DB: 0) | 200 OK [http://localhost/topics]


Processing TopicsController#new (for 127.0.0.1 at 2009-06-13 14:39:45) [GET]
Rendering template within layouts/topics
Rendering topics/new
Completed in 6ms (View: 2, DB: 0) | 200 OK [http://localhost/topics/new]


Processing TopicsController#create (for 127.0.0.1 at 2009-06-13 14:39:51) [POST]
  Parameters: {"commit"=>"Create", "authenticity_token"=>"3oqwIpGMqN/OhPTiE44vxRoDOVeuPKmVcCGly8rcpS4=", "topic"=>{"title"=>"1", "description"=>"asf"}}
  [4;35;1mTopic Create (0.3ms)[0m   [0mINSERT INTO "topics" ("created_at", "title", "updated_at", "description") VALUES('2009-06-13 21:39:51', '1', '2009-06-13 21:39:51', 'asf')[0m
Redirected to http://localhost:3000/topics/3
Completed in 10ms (DB: 0) | 302 Found [http://localhost/topics]


Processing TopicsController#show (for 127.0.0.1 at 2009-06-13 14:39:51) [GET]
  Parameters: {"id"=>"3"}
  [4;36;1mTopic Load (0.2ms)[0m   [0;1mSELECT * FROM "topics" WHERE ("topics"."id" = 3) [0m
Rendering template within layouts/topics
Rendering topics/show
Completed in 6ms (View: 2, DB: 0) | 200 OK [http://localhost/topics/3]


Processing TopicsController#index (for 127.0.0.1 at 2009-06-13 14:39:55) [GET]
  [4;35;1mTopic Load (0.6ms)[0m   [0mSELECT * FROM "topics" [0m
Rendering template within layouts/topics
Rendering topics/index
Completed in 12ms (View: 4, DB: 1) | 200 OK [http://localhost/topics]


Processing TopicsController#new (for 127.0.0.1 at 2009-06-13 14:39:56) [GET]
Rendering template within layouts/topics
Rendering topics/new
Completed in 6ms (View: 2, DB: 0) | 200 OK [http://localhost/topics/new]


Processing TopicsController#create (for 127.0.0.1 at 2009-06-13 14:40:01) [POST]
  Parameters: {"commit"=>"Create", "authenticity_token"=>"3oqwIpGMqN/OhPTiE44vxRoDOVeuPKmVcCGly8rcpS4=", "topic"=>{"title"=>"2", "description"=>"wer"}}
  [4;36;1mTopic Create (0.3ms)[0m   [0;1mINSERT INTO "topics" ("created_at", "title", "updated_at", "description") VALUES('2009-06-13 21:40:01', '2', '2009-06-13 21:40:01', 'wer')[0m
Redirected to http://localhost:3000/topics/4
Completed in 10ms (DB: 0) | 302 Found [http://localhost/topics]


Processing TopicsController#show (for 127.0.0.1 at 2009-06-13 14:40:01) [GET]
  Parameters: {"id"=>"4"}
  [4;35;1mTopic Load (0.2ms)[0m   [0mSELECT * FROM "topics" WHERE ("topics"."id" = 4) [0m
Rendering template within layouts/topics
Rendering topics/show
Completed in 6ms (View: 2, DB: 0) | 200 OK [http://localhost/topics/4]


Processing TopicsController#index (for 127.0.0.1 at 2009-06-13 14:40:03) [GET]
  [4;36;1mTopic Load (0.4ms)[0m   [0;1mSELECT * FROM "topics" [0m
Rendering template within layouts/topics
Rendering topics/index
Completed in 7ms (View: 3, DB: 0) | 200 OK [http://localhost/topics]
